<?xml version="1.0" encoding="UTF-8"?>
<!-- Generated by org.testng.reporters.JUnitReportReporter -->
<testsuite skipped="0" hostname="MacBook-Air.lan" name="runners.TestRunner" tests="2" failures="0" timestamp="22 Jul 2023 18:55:57 GMT" time="0.298" errors="0">
  <testcase name="runScenario" time="0.004" classname="runners.TestRunner"/>
  <testcase name="runScenario" time="0.294" classname="runners.TestRunner"/>
</testsuite> <!-- runners.TestRunner -->
